SF:lib/src/escapable_padding.dart
DA:8,1
DA:18,1
DA:19,1
DA:23,1
DA:24,1
DA:29,1
DA:31,6
DA:32,0
DA:35,1
DA:36,1
DA:37,6
DA:39,2
DA:40,5
DA:42,1
DA:43,6
DA:45,2
DA:46,5
DA:48,1
DA:49,1
DA:50,2
DA:52,3
DA:57,6
DA:62,1
DA:63,4
DA:67,0
LF:25
LH:23
end_of_record
SF:lib/src/escaped.dart
DA:8,2
DA:13,2
DA:15,2
LF:3
LH:3
end_of_record
SF:lib/src/flex_copy.dart
DA:4,1
DA:7,1
DA:8,1
DA:9,1
DA:10,1
DA:11,1
DA:12,1
DA:13,1
DA:14,1
DA:15,0
DA:21,1
DA:24,1
DA:25,1
DA:26,1
DA:27,1
DA:28,1
DA:29,1
DA:30,1
DA:31,1
DA:32,0
DA:38,1
DA:41,1
DA:42,1
DA:43,1
DA:44,1
DA:45,1
DA:46,1
DA:47,1
DA:48,1
DA:49,1
DA:50,0
LF:31
LH:28
end_of_record
